pegasi_simple/build/outputs/logs/manifest-merger-world-release-report.txt
-- Merging decision tree log ---
manifest
ADDED from src\main\AndroidManifest.xml:2:1-71:12
	xmlns:android
		ADDED from src\main\AndroidManifest.xml:2:11-69
	package
		ADDED from src\main\AndroidManifest.xml:3:5-27
		INJECTED from src\main\AndroidManifest.xml
		INJECTED from src\main\AndroidManifest.xml
	android:versionName
		ADDED from src\main\AndroidManifest.xml:5:5-30
		INJECTED from src\main\AndroidManifest.xml
		INJECTED from src\main\AndroidManifest.xml
	android:versionCode
		ADDED from src\main\AndroidManifest.xml:4:5-29
		INJECTED from src\main\AndroidManifest.xml
		INJECTED from src\main\AndroidManifest.xml
uses-sdk
ADDED from src\main\AndroidManifest.xml:7:5-9:41
MERGED from [:cmadsdk_world_base_V3.4.7:] AndroidManifest.xml:7:5-9:41
MERGED from [com.android.support:support-v4:22.2.0] AndroidManifest.xml:20:5-43
MERGED from [:play-services-ads-7.8.0:] AndroidManifest.xml:23:5-42
MERGED from [:play-services-analytics-7.8.0:] AndroidManifest.xml:18:5-42
MERGED from [:play-services-base-7.8.0:] AndroidManifest.xml:18:5-42
	android:targetSdkVersion
		ADDED from src\main\AndroidManifest.xml:9:9-38
		INJECTED from src\main\AndroidManifest.xml
		INJECTED from src\main\AndroidManifest.xml
	android:minSdkVersion
		ADDED from src\main\AndroidManifest.xml:8:9-34
		INJECTED from src\main\AndroidManifest.xml
		INJECTED from src\main\AndroidManifest.xml
uses-permission#android.permission.READ_EXTERNAL_STORAGE
ADDED from src\main\AndroidManifest.xml:10:5-80
	android:name
		ADDED from src\main\AndroidManifest.xml:10:22-77
uses-permission#android.permission.WRITE_EXTERNAL_STORAGE
ADDED from src\main\AndroidManifest.xml:11:5-81
	android:name
		ADDED from src\main\AndroidManifest.xml:11:22-78
uses-permission#android.permission.ACCESS_NETWORK_STATE
ADDED from src\main\AndroidManifest.xml:12:5-79
MERGED from [:play-services-ads-7.8.0:] AndroidManifest.xml:21:5-78
MERGED from [:play-services-analytics-7.8.0:] AndroidManifest.xml:22:5-79
	android:name
		ADDED from src\main\AndroidManifest.xml:12:22-76
uses-permission#android.permission.INTERNET
ADDED from src\main\AndroidManifest.xml:13:5-67
MERGED from [:play-services-ads-7.8.0:] AndroidManifest.xml:20:5-66
MERGED from [:play-services-analytics-7.8.0:] AndroidManifest.xml:21:5-67
	android:name
		ADDED from src\main\AndroidManifest.xml:13:22-64
uses-permission#android.permission.ACCESS_WIFI_STATE
ADDED from src\main\AndroidManifest.xml:14:5-76
	android:name
		ADDED from src\main\AndroidManifest.xml:14:22-73
application
ADDED from src\main\AndroidManifest.xml:17:5-69:19
MERGED from [:cmadsdk_world_base_V3.4.7:] AndroidManifest.xml:11:5-37:19
MERGED from [com.android.support:support-v4:22.2.0] AndroidManifest.xml:22:5-20
MERGED from [:play-services-ads-7.8.0:] AndroidManifest.xml:24:5-32:19
MERGED from [:play-services-analytics-7.8.0:] AndroidManifest.xml:24:5-20
MERGED from [:play-services-base-7.8.0:] AndroidManifest.xml:20:5-24:19
	android:label
		ADDED from src\main\AndroidManifest.xml:21:9-41
	android:allowBackup
		ADDED from src\main\AndroidManifest.xml:18:9-35
	android:icon
		ADDED from src\main\AndroidManifest.xml:20:9-45
	android:theme
		ADDED from src\main\AndroidManifest.xml:22:9-40
	android:name
		ADDED from src\main\AndroidManifest.xml:19:9-50
activity#com.cmcm.ads.MainActivity
ADDED from src\main\AndroidManifest.xml:23:9-28:20
	android:name
		ADDED from src\main\AndroidManifest.xml:23:19-47
intent-filter#android.intent.action.MAIN+android.intent.category.LAUNCHER
ADDED from src\main\AndroidManifest.xml:24:13-27:29
action#android.intent.action.MAIN
ADDED from src\main\AndroidManifest.xml:25:17-69
	android:name
		ADDED from src\main\AndroidManifest.xml:25:25-66
category#android.intent.category.LAUNCHER
ADDED from src\main\AndroidManifest.xml:26:17-77
	android:name
		ADDED from src\main\AndroidManifest.xml:26:27-74
activity#com.cmcm.ads.NativeAdSampleActivity
ADDED from src\main\AndroidManifest.xml:30:9-33:20
	android:label
		ADDED from src\main\AndroidManifest.xml:32:13-45
	android:name
		ADDED from src\main\AndroidManifest.xml:31:13-51
activity#com.cmcm.ads.NativeAdSpreadSampleActivity
ADDED from src\main\AndroidManifest.xml:35:9-38:20
	android:label
		ADDED from src\main\AndroidManifest.xml:37:13-45
	android:name
		ADDED from src\main\AndroidManifest.xml:36:13-57
activity#com.cmcm.ads.BannerSampleActivity
ADDED from src\main\AndroidManifest.xml:42:9-46:20
	android:label
		ADDED from src\main\AndroidManifest.xml:44:13-45
	android:name
		ADDED from src\main\AndroidManifest.xml:43:13-49
activity#com.cmcm.ads.InterstitalAdSampleActivity
ADDED from src\main\AndroidManifest.xml:48:9-52:20
	android:label
		ADDED from src\main\AndroidManifest.xml:50:13-45
	android:name
		ADDED from src\main\AndroidManifest.xml:49:13-56
activity#com.mopub.mobileads.MoPubActivity
ADDED from src\main\AndroidManifest.xml:56:9-57:76
	android:configChanges
		ADDED from src\main\AndroidManifest.xml:57:13-74
	android:name
		ADDED from src\main\AndroidManifest.xml:56:19-67
activity#com.mopub.mobileads.MraidActivity
ADDED from src\main\AndroidManifest.xml:58:9-59:76
	android:configChanges
		ADDED from src\main\AndroidManifest.xml:59:13-74
	android:name
		ADDED from src\main\AndroidManifest.xml:58:19-67
activity#com.mopub.common.MoPubBrowser
ADDED from src\main\AndroidManifest.xml:60:9-61:76
	android:configChanges
		ADDED from src\main\AndroidManifest.xml:61:13-74
	android:name
		ADDED from src\main\AndroidManifest.xml:60:19-63
activity#com.mopub.mobileads.MraidVideoPlayerActivity
ADDED from src\main\AndroidManifest.xml:62:9-63:76
	android:configChanges
		ADDED from src\main\AndroidManifest.xml:63:13-74
	android:name
		ADDED from src\main\AndroidManifest.xml:62:19-78
meta-data#com.google.android.gms.version
ADDED from src\main\AndroidManifest.xml:67:9-68:69
MERGED from [:play-services-base-7.8.0:] AndroidManifest.xml:21:9-23:69
	android:name
		ADDED from src\main\AndroidManifest.xml:67:20-65
	android:value
		ADDED from src\main\AndroidManifest.xml:68:13-66
activity#com.cmcm.picks.PicksLoadingActivity
ADDED from [:cmadsdk_world_base_V3.4.7:] AndroidManifest.xml:12:9-16:80
	android:theme
		ADDED from [:cmadsdk_world_base_V3.4.7:] AndroidManifest.xml:16:13-77
	android:taskAffinity
		ADDED from [:cmadsdk_world_base_V3.4.7:] AndroidManifest.xml:15:13-59
	android:name
		ADDED from [:cmadsdk_world_base_V3.4.7:] AndroidManifest.xml:13:13-63
	android:launchMode
		ADDED from [:cmadsdk_world_base_V3.4.7:] AndroidManifest.xml:14:13-44
activity#com.cmcm.adsdk.interstitial.PicksInterstitialActivity
ADDED from [:cmadsdk_world_base_V3.4.7:] AndroidManifest.xml:17:9-20:53
	android:theme
		ADDED from [:cmadsdk_world_base_V3.4.7:] AndroidManifest.xml:20:13-50
	android:name
		ADDED from [:cmadsdk_world_base_V3.4.7:] AndroidManifest.xml:18:13-81
	android:launchMode
		ADDED from [:cmadsdk_world_base_V3.4.7:] AndroidManifest.xml:19:13-44
activity#com.cmcm.picks.webview.PicksBrowser
ADDED from [:cmadsdk_world_base_V3.4.7:] AndroidManifest.xml:21:9-24:80
	android:theme
		ADDED from [:cmadsdk_world_base_V3.4.7:] AndroidManifest.xml:24:13-77
	android:name
		ADDED from [:cmadsdk_world_base_V3.4.7:] AndroidManifest.xml:22:13-63
	android:launchMode
		ADDED from [:cmadsdk_world_base_V3.4.7:] AndroidManifest.xml:23:13-44
service#com.cmcm.picks.init.DownloadService
ADDED from [:cmadsdk_world_base_V3.4.7:] AndroidManifest.xml:26:9-29:46
	android:process
		ADDED from [:cmadsdk_world_base_V3.4.7:] AndroidManifest.xml:29:13-43
	android:exported
		ADDED from [:cmadsdk_world_base_V3.4.7:] AndroidManifest.xml:28:13-37
	android:name
		ADDED from [:cmadsdk_world_base_V3.4.7:] AndroidManifest.xml:27:13-63
activity#com.cmcm.picks.vastvideo.FullScreenVideoActivity
ADDED from [:cmadsdk_world_base_V3.4.7:] AndroidManifest.xml:31:9-36:20
	android:screenOrientation
		ADDED from [:cmadsdk_world_base_V3.4.7:] AndroidManifest.xml:35:13-50
	android:excludeFromRecents
		ADDED from [:cmadsdk_world_base_V3.4.7:] AndroidManifest.xml:33:13-46
	android:name
		ADDED from [:cmadsdk_world_base_V3.4.7:] AndroidManifest.xml:32:13-76
	android:launchMode
		ADDED from [:cmadsdk_world_base_V3.4.7:] AndroidManifest.xml:34:13-48
activity#com.google.android.gms.ads.AdActivity
ADDED from [:play-services-ads-7.8.0:] AndroidManifest.xml:26:9-29:64
	android:configChanges
		ADDED from [:play-services-ads-7.8.0:] AndroidManifest.xml:28:13-122
	android:theme
		ADDED from [:play-services-ads-7.8.0:] AndroidManifest.xml:29:13-61
	android:name
		ADDED from [:play-services-ads-7.8.0:] AndroidManifest.xml:27:13-65
activity#com.google.android.gms.ads.purchase.InAppPurchaseActivity
ADDED from [:play-services-ads-7.8.0:] AndroidManifest.xml:30:9-31:52
	android:theme
		ADDED from [:play-services-ads-7.8.0:] AndroidManifest.xml:31:13-50
	android:name
		ADDED from [:play-services-ads-7.8.0:] AndroidManifest.xml:30:19-91